<?xml version="1.0" encoding="UTF-8"?>
<testng-results skipped="0" failed="0" total="1" passed="1">
  <reporter-output>
  </reporter-output>
  <suite name="Default suite" duration-ms="34583" started-at="2020-03-12T19:14:52Z" finished-at="2020-03-12T19:15:26Z">
    <groups>
    </groups>
    <test name="Default test" duration-ms="34583" started-at="2020-03-12T19:14:52Z" finished-at="2020-03-12T19:15:26Z">
      <class name="keywordFramework.TestClass">
        <test-method status="PASS" signature="Test1()[pri:0, instance:keywordFramework.TestClass@215be6bb]" name="Test1" duration-ms="34551" started-at="2020-03-12T12:14:52Z" finished-at="2020-03-12T12:15:26Z">
          <reporter-output>
          </reporter-output>
        </test-method> <!-- Test1 -->
      </class> <!-- keywordFramework.TestClass -->
    </test> <!-- Default test -->
  </suite> <!-- Default suite -->
</testng-results>
